{
  "stats": {
    "suites": 1,
    "tests": 1,
    "passes": 0,
    "pending": 0,
    "failures": 1,
    "start": "2023-12-07T12:49:47.952Z",
    "end": "2023-12-07T12:49:55.881Z",
    "duration": 7929,
    "testsRegistered": 1,
    "passPercent": 0,
    "pendingPercent": 0,
    "other": 0,
    "hasOther": false,
    "skipped": 0,
    "hasSkipped": false
  },
  "results": [
    {
      "uuid": "b779eae6-d4f5-4d27-baea-b74f1adc4aef",
      "title": "",
      "fullFile": "cypress\\e2e\\Tests\\loginpage.cy.js",
      "file": "cypress\\e2e\\Tests\\loginpage.cy.js",
      "beforeHooks": [],
      "afterHooks": [],
      "tests": [],
      "suites": [
        {
          "uuid": "826ee420-c1db-44fc-b818-4804b732042f",
          "title": "All the Login Test Cases of Viavii",
          "fullFile": "",
          "file": "",
          "beforeHooks": [],
          "afterHooks": [],
          "tests": [
            {
              "title": "Should Login Successfully",
              "fullTitle": "All the Login Test Cases of Viavii Should Login Successfully",
              "timedOut": null,
              "duration": 4594,
              "state": "failed",
              "speed": null,
              "pass": false,
              "fail": true,
              "pending": false,
              "context": null,
              "code": "loginPage.clickHomePageLogin();\nloginPage.clickContinueWithEmail();\nloginPage.enterUsername(username);\nloginPage.enterpassword(password);\nloginPage.clickLogin();\nconditions.urlToContain(URLContains);",
              "err": {
                "message": "TypeError: loginPage.clickHomePageLogin is not a function",
                "estack": "TypeError: loginPage.clickHomePageLogin is not a function\n    at Context.eval (webpack:///./cypress/e2e/Tests/loginpage.cy.js:24:18)",
                "diff": null
              },
              "uuid": "3d0d3d26-667f-4311-928b-d439298b5f4e",
              "parentUUID": "826ee420-c1db-44fc-b818-4804b732042f",
              "isHook": false,
              "skipped": false
            }
          ],
          "suites": [],
          "passes": [],
          "failures": [
            "3d0d3d26-667f-4311-928b-d439298b5f4e"
          ],
          "pending": [],
          "skipped": [],
          "duration": 4594,
          "root": false,
          "rootEmpty": false,
          "_timeout": 2000
        }
      ],
      "passes": [],
      "failures": [],
      "pending": [],
      "skipped": [],
      "duration": 0,
      "root": true,
      "rootEmpty": true,
      "_timeout": 2000
    }
  ],
  "meta": {
    "mocha": {
      "version": "7.0.1"
    },
    "mochawesome": {
      "options": {
        "quiet": false,
        "reportFilename": "mochawesome",
        "saveHtml": true,
        "saveJson": true,
        "consoleReporter": "spec",
        "useInlineDiffs": false,
        "code": true
      },
      "version": "7.1.3"
    },
    "marge": {
      "options": null,
      "version": "6.2.0"
    }
  }
}